{
  "RSpec": {
    "coverage": {
      "/Users/shahnisarg/Desktop/charity-chain/config/environment.rb": [
        null,
        1,
        null,
        null,
        1
      ],
      "/Users/shahnisarg/Desktop/charity-chain/config/application.rb": [
        1,
        null,
        null,
        1,
        1,
        1,
        1,
        1,
        null,
        null,
        1,
        null,
        null,
        null,
        1,
        null,
        null,
        1,
        1,
        null,
        null,
        null,
        null,
        null,
        null,
        null,
        null,
        null,
        null,
        null,
        null,
        null,
        null,
        null,
        null,
        null,
        null,
        null,
        null,
        null,
        null,
        null,
        1,
        null,
        null,
        1,
        null,
        null,
        1,
        null,
        null,
        null,
        null,
        null,
        null,
        null,
        null,
        null,
        null,
        1,
        null,
        null,
        1,
        null,
        null,
        1,
        null,
        null
      ],
      "/Users/shahnisarg/Desktop/charity-chain/config/boot.rb": [
        1,
        null,
        null,
        1,
        null,
        1
      ],
      "/Users/shahnisarg/Desktop/charity-chain/config/environments/test.rb": [
        1,
        null,
        null,
        null,
        null,
        null,
        null,
        1,
        null,
        null,
        1,
        1,
        null,
        null,
        1,
        null,
        null,
        1,
        1,
        null,
        null,
        1,
        null,
        null,
        1,
        null,
        null,
        null,
        null,
        1,
        null,
        null,
        1,
        null,
        null,
        1,
        null
      ],
      "/Users/shahnisarg/Desktop/charity-chain/config/initializers/backtrace_silencers.rb": [
        null,
        null,
        null,
        null,
        null,
        null,
        null
      ],
      "/Users/shahnisarg/Desktop/charity-chain/config/initializers/inflections.rb": [
        null,
        null,
        null,
        null,
        null,
        null,
        null,
        null,
        null,
        null,
        null,
        null,
        null,
        null,
        null
      ],
      "/Users/shahnisarg/Desktop/charity-chain/config/initializers/mime_types.rb": [
        null,
        null,
        null,
        null,
        null
      ],
      "/Users/shahnisarg/Desktop/charity-chain/config/initializers/resque.rb": [
        null,
        1,
        0,
        0,
        null
      ],
      "/Users/shahnisarg/Desktop/charity-chain/config/initializers/secret_token.rb": [
        null,
        null,
        null,
        null,
        null,
        null,
        1
      ],
      "/Users/shahnisarg/Desktop/charity-chain/config/initializers/session_store.rb": [
        null,
        null,
        1,
        null,
        null,
        null,
        null,
        null
      ],
      "/Users/shahnisarg/Desktop/charity-chain/config/initializers/sorcery.rb": [
        null,
        null,
        null,
        null,
        1,
        null,
        null,
        1,
        null,
        null,
        null,
        null,
        null,
        null,
        null,
        null,
        null,
        null,
        null,
        null,
        null,
        null,
        null,
        null,
        null,
        null,
        null,
        null,
        null,
        null,
        null,
        null,
        null,
        null,
        null,
        null,
        null,
        null,
        null,
        null,
        null,
        null,
        null,
        null,
        null,
        null,
        null,
        null,
        null,
        null,
        null,
        null,
        null,
        null,
        null,
        null,
        null,
        null,
        null,
        null,
        null,
        null,
        null,
        null,
        null,
        null,
        null,
        null,
        null,
        null,
        null,
        null,
        null,
        null,
        null,
        null,
        null,
        null,
        null,
        null,
        null,
        null,
        null,
        null,
        null,
        null,
        null,
        null,
        null,
        null,
        null,
        null,
        null,
        null,
        null,
        null,
        null,
        null,
        null,
        null,
        null,
        null,
        null,
        null,
        null,
        null,
        null,
        null,
        null,
        null,
        null,
        null,
        null,
        null,
        null,
        null,
        1,
        null,
        null,
        null,
        null,
        1,
        null,
        null,
        null,
        null,
        null,
        null,
        null,
        null,
        null,
        null,
        null,
        null,
        null,
        null,
        null,
        null,
        null,
        null,
        null,
        null,
        null,
        null,
        null,
        null,
        null,
        null,
        null,
        null,
        null,
        null,
        null,
        null,
        null,
        null,
        null,
        null,
        null,
        null,
        null,
        null,
        null,
        null,
        null,
        null,
        null,
        null,
        null,
        null,
        null,
        null,
        null,
        null,
        null,
        null,
        null,
        null,
        null,
        null,
        null,
        null,
        null,
        null,
        null,
        null,
        null,
        null,
        null,
        null,
        null,
        null,
        null,
        null,
        null,
        null,
        null,
        null,
        null,
        null,
        null,
        null,
        null,
        null,
        null,
        null,
        null,
        null,
        null,
        null,
        null,
        null,
        null,
        null,
        null,
        null,
        null,
        null,
        null,
        null,
        null,
        null,
        null,
        null,
        null,
        null,
        null,
        null,
        null,
        null,
        null,
        null,
        null,
        null,
        null,
        null,
        null,
        null,
        null,
        null,
        null,
        null,
        null,
        null,
        null,
        null,
        null,
        null,
        null,
        null,
        null,
        null,
        null,
        null,
        null,
        null,
        null,
        null,
        null,
        null,
        null,
        null,
        null,
        null,
        null,
        null,
        null,
        null,
        null,
        null,
        null,
        null,
        null,
        null,
        null,
        null,
        null,
        null,
        null,
        null,
        null,
        null,
        null,
        null,
        null,
        null,
        null,
        null,
        null,
        null,
        null,
        null,
        null,
        null,
        null,
        null,
        null,
        null,
        null,
        null,
        null,
        null,
        null,
        null,
        null,
        null,
        null,
        null,
        null,
        null,
        null,
        null,
        null,
        null,
        null,
        null,
        null,
        null,
        null,
        null,
        null,
        null,
        null,
        null,
        null,
        null,
        null,
        null,
        null,
        null,
        null,
        null,
        null,
        null,
        null,
        null,
        null,
        null,
        null,
        null,
        null,
        null,
        null,
        null,
        null,
        null,
        null,
        null,
        null,
        null,
        null,
        null,
        null,
        null,
        null,
        null,
        null,
        null,
        null,
        null,
        null,
        null,
        null,
        null,
        null,
        null,
        null,
        null,
        null,
        null,
        null,
        null,
        null,
        null,
        null,
        null,
        null,
        null,
        null,
        null,
        null,
        null,
        null,
        null,
        null,
        null,
        null,
        null,
        null,
        null,
        null,
        null,
        null,
        null,
        null,
        null,
        null,
        null,
        null,
        null,
        null,
        null,
        null,
        null,
        1,
        null
      ],
      "/Users/shahnisarg/Desktop/charity-chain/config/initializers/stripe.rb": [
        1
      ],
      "/Users/shahnisarg/Desktop/charity-chain/config/initializers/wrap_parameters.rb": [
        null,
        null,
        null,
        null,
        null,
        null,
        1,
        1,
        null,
        null,
        null,
        1,
        1,
        null
      ],
      "/Users/shahnisarg/Desktop/charity-chain/app/controllers/api/api_controller.rb": [
        1,
        1,
        null,
        1,
        2,
        null,
        null,
        1,
        4,
        4,
        null,
        null
      ],
      "/Users/shahnisarg/Desktop/charity-chain/app/helpers/api/api_helper.rb": [
        1,
        null
      ],
      "/Users/shahnisarg/Desktop/charity-chain/app/helpers/api/v1/check_ins_helper.rb": [
        1,
        null
      ],
      "/Users/shahnisarg/Desktop/charity-chain/app/helpers/api/v1/donations_helper.rb": [
        1,
        null
      ],
      "/Users/shahnisarg/Desktop/charity-chain/app/helpers/api/v1/goals_helper.rb": [
        1,
        null
      ],
      "/Users/shahnisarg/Desktop/charity-chain/app/helpers/application_helper.rb": [
        1,
        null
      ],
      "/Users/shahnisarg/Desktop/charity-chain/app/helpers/chains_helper.rb": [
        1,
        null
      ],
      "/Users/shahnisarg/Desktop/charity-chain/app/helpers/contributions_helper.rb": [
        1,
        1,
        0,
        null,
        null
      ],
      "/Users/shahnisarg/Desktop/charity-chain/app/helpers/goals_helper.rb": [
        1,
        null
      ],
      "/Users/shahnisarg/Desktop/charity-chain/app/helpers/pages_helper.rb": [
        1,
        null
      ],
      "/Users/shahnisarg/Desktop/charity-chain/app/helpers/sessions_helper.rb": [
        1,
        null
      ],
      "/Users/shahnisarg/Desktop/charity-chain/app/controllers/api/v1/check_ins_controller.rb": [
        1,
        1,
        null,
        1,
        0,
        0,
        0,
        0,
        null,
        0,
        null,
        null,
        null
      ],
      "/Users/shahnisarg/Desktop/charity-chain/app/models/check_in.rb": [
        1,
        1,
        1,
        1,
        null,
        1,
        1,
        null,
        1,
        22,
        22,
        0,
        null,
        null,
        null,
        1,
        null,
        1,
        22,
        null,
        null
      ],
      "/Users/shahnisarg/Desktop/charity-chain/app/controllers/api/v1/donations_controller.rb": [
        1,
        1,
        null,
        1,
        0,
        0,
        null,
        0,
        0,
        null,
        0,
        0,
        null,
        0,
        null,
        null,
        null,
        0,
        null,
        null
      ],
      "/Users/shahnisarg/Desktop/charity-chain/app/models/donation.rb": [
        1,
        1,
        1,
        1,
        null,
        1,
        1,
        null,
        1,
        0,
        0,
        0,
        null,
        null,
        0,
        0,
        0,
        null,
        null,
        null,
        1,
        null,
        1,
        0,
        0,
        0,
        null,
        null,
        1,
        0,
        0,
        0,
        null,
        null
      ],
      "/Users/shahnisarg/Desktop/charity-chain/app/controllers/api/v1/goals_controller.rb": [
        1,
        1,
        null,
        1,
        2,
        2,
        null,
        null,
        1,
        0,
        0,
        0,
        null,
        null,
        1,
        0,
        0,
        0,
        0,
        null,
        null
      ],
      "/Users/shahnisarg/Desktop/charity-chain/app/models/goal.rb": [
        1,
        1,
        null,
        1,
        1,
        1,
        1,
        1,
        1,
        1,
        1,
        null,
        1,
        null,
        null,
        null,
        null,
        null,
        null,
        null,
        null,
        null,
        1,
        3,
        3,
        3,
        null,
        3,
        null,
        3,
        3,
        1,
        1,
        null,
        2,
        null,
        null,
        null,
        3,
        null,
        null,
        1,
        27,
        null,
        null,
        1,
        2,
        null,
        null,
        1,
        0,
        null,
        null,
        1,
        2,
        null,
        null,
        1,
        2,
        null,
        null,
        1,
        0,
        0,
        null,
        null,
        1,
        null,
        1,
        11,
        null,
        null,
        1,
        11,
        null,
        null,
        1,
        11,
        null,
        null
      ],
      "/Users/shahnisarg/Desktop/charity-chain/app/lib/token_helper.rb": [
        1,
        1,
        null,
        1,
        12,
        null,
        null
      ],
      "/Users/shahnisarg/Desktop/charity-chain/app/controllers/application_controller.rb": [
        1,
        1,
        null
      ],
      "/Users/shahnisarg/Desktop/charity-chain/app/controllers/contributions_controller.rb": [
        1,
        1,
        0,
        0,
        0,
        0,
        0,
        0,
        0,
        0,
        0,
        null,
        0,
        null,
        null,
        null,
        1,
        0,
        0,
        0,
        null,
        null,
        1,
        0,
        0,
        0,
        null,
        0,
        0,
        0,
        null,
        0,
        null,
        null,
        null,
        1,
        null,
        1,
        0,
        null,
        null
      ],
      "/Users/shahnisarg/Desktop/charity-chain/app/models/contribution.rb": [
        1,
        1,
        null,
        1,
        null,
        1,
        1,
        null,
        1,
        1,
        null,
        1,
        0,
        null,
        null,
        1,
        0,
        0,
        0,
        0,
        0,
        0,
        null,
        null,
        1,
        null,
        1,
        0,
        null,
        null
      ],
      "/Users/shahnisarg/Desktop/charity-chain/app/controllers/goals_controller.rb": [
        1,
        1,
        null,
        1,
        0,
        null,
        null
      ],
      "/Users/shahnisarg/Desktop/charity-chain/app/controllers/pages_controller.rb": [
        1,
        1,
        null,
        null
      ],
      "/Users/shahnisarg/Desktop/charity-chain/app/controllers/sessions_controller.rb": [
        1,
        1,
        0,
        0,
        null,
        null,
        1,
        0,
        0,
        null,
        null
      ],
      "/Users/shahnisarg/Desktop/charity-chain/app/controllers/users_controller.rb": [
        1,
        1,
        0,
        0,
        0,
        0,
        null,
        0,
        null,
        null,
        null
      ],
      "/Users/shahnisarg/Desktop/charity-chain/app/models/user.rb": [
        1,
        1,
        1,
        1,
        null,
        1,
        null,
        1,
        1,
        null,
        null,
        1,
        null,
        null,
        null,
        null,
        null,
        null,
        null,
        null,
        null,
        1,
        5,
        null,
        null
      ],
      "/Users/shahnisarg/Desktop/charity-chain/app/decorators/goal_decorator.rb": [
        1,
        1,
        null,
        1,
        2,
        null,
        null,
        null,
        null,
        null,
        null,
        null,
        null,
        null,
        0,
        null,
        null,
        null,
        null,
        1,
        null,
        1,
        2,
        null,
        null,
        null
      ],
      "/Users/shahnisarg/Desktop/charity-chain/app/lib/stripe_helper.rb": [
        1,
        1,
        0,
        0,
        null,
        null,
        null,
        null,
        0,
        0,
        null,
        0,
        null,
        null,
        null,
        1,
        0,
        null,
        null,
        null,
        null
      ],
      "/Users/shahnisarg/Desktop/charity-chain/app/mailers/check_in_mailer.rb": [
        1,
        1,
        null,
        1,
        0,
        0,
        0,
        null,
        null,
        null,
        1,
        0,
        null,
        0,
        0,
        0,
        null,
        null,
        null,
        null
      ],
      "/Users/shahnisarg/Desktop/charity-chain/app/models/donors_choose.rb": [
        1,
        null,
        1,
        1,
        0,
        0,
        0,
        null,
        0,
        null,
        0,
        0,
        null,
        0,
        0,
        null,
        0,
        0,
        null,
        null,
        null,
        null
      ],
      "/Users/shahnisarg/Desktop/charity-chain/app/models/payment.rb": [
        1,
        1,
        1,
        null,
        1,
        null,
        null,
        0,
        0,
        0,
        0,
        null,
        null,
        1,
        0,
        null,
        null
      ],
      "/Users/shahnisarg/Desktop/charity-chain/app/models/project.rb": [
        1,
        null,
        1,
        1,
        null,
        null,
        null,
        1,
        0,
        null,
        null,
        1,
        2,
        null,
        null,
        1,
        2,
        null,
        null,
        1,
        null
      ],
      "/Users/shahnisarg/Desktop/charity-chain/app/models/reserve.rb": [
        1,
        1,
        1,
        1,
        null
      ],
      "/Users/shahnisarg/Desktop/charity-chain/app/models/scheduler.rb": [
        1,
        1,
        1,
        null,
        null,
        null,
        null,
        null,
        null,
        null,
        null,
        null,
        1,
        57,
        57,
        399,
        null,
        57,
        null,
        null,
        null,
        null,
        null,
        null,
        null,
        null,
        null,
        null,
        null,
        1,
        5,
        5,
        null,
        5,
        3,
        3,
        null,
        3,
        33,
        null,
        null,
        null,
        5,
        null,
        null
      ],
      "/Users/shahnisarg/Desktop/charity-chain/app/models/wallet.rb": [
        1,
        null,
        1,
        1,
        null,
        1,
        22,
        22,
        null,
        null
      ],
      "/Users/shahnisarg/Desktop/charity-chain/app/workers/queued_charge.rb": [
        1,
        1,
        1,
        0,
        0,
        0,
        null,
        null,
        null,
        null
      ],
      "/Users/shahnisarg/Desktop/charity-chain/config/routes.rb": [
        1,
        null,
        1,
        1,
        null,
        1,
        1,
        1,
        1,
        1,
        null,
        null,
        null,
        1,
        1,
        null,
        1,
        1,
        1,
        null,
        1,
        1,
        null,
        null,
        null,
        null,
        null,
        null,
        null,
        null,
        null,
        null,
        null,
        null,
        null,
        null,
        null,
        null,
        null,
        null,
        null,
        null,
        null,
        null,
        null,
        null,
        null,
        null,
        null,
        null,
        null,
        null,
        null,
        null,
        null,
        null,
        null,
        null,
        null,
        null,
        null,
        null,
        null,
        null,
        null,
        null,
        null,
        null,
        null,
        null,
        null,
        null,
        null,
        null,
        null,
        null,
        null,
        null,
        null,
        null
      ],
      "/Users/shahnisarg/Desktop/charity-chain/spec/decorators/goal_decorator_spec.rb": [
        1,
        null,
        1,
        null
      ],
      "/Users/shahnisarg/Desktop/charity-chain/spec/helpers/chains_helper_spec.rb": [
        1,
        null,
        null,
        null,
        null,
        null,
        null,
        null,
        null,
        null,
        null,
        null,
        1,
        1,
        null
      ],
      "/Users/shahnisarg/Desktop/charity-chain/spec/helpers/token_helper_spec.rb": [
        1,
        null,
        null,
        null,
        null,
        null,
        null,
        null,
        null,
        null,
        null,
        null,
        1,
        1,
        1,
        1,
        null,
        null,
        null
      ],
      "/Users/shahnisarg/Desktop/charity-chain/spec/mailers/check_in_mailer_spec.rb": [
        1,
        null,
        1,
        1,
        null
      ],
      "/Users/shahnisarg/Desktop/charity-chain/spec/models/check_in_spec.rb": [
        1,
        null,
        1,
        1,
        null
      ],
      "/Users/shahnisarg/Desktop/charity-chain/spec/models/contribution_spec.rb": [
        1,
        null,
        1,
        1,
        null
      ],
      "/Users/shahnisarg/Desktop/charity-chain/spec/models/donation_spec.rb": [
        1,
        null,
        1,
        1,
        null
      ],
      "/Users/shahnisarg/Desktop/charity-chain/spec/models/goal_spec.rb": [
        1,
        null,
        1,
        2,
        2,
        2,
        1,
        1,
        1,
        null,
        null,
        1,
        1,
        null,
        null,
        null,
        null
      ],
      "/Users/shahnisarg/Desktop/charity-chain/spec/models/project_spec.rb": [
        1,
        null,
        1,
        1,
        null
      ],
      "/Users/shahnisarg/Desktop/charity-chain/spec/models/scheduler_spec.rb": [
        1,
        null,
        1,
        3,
        3,
        3,
        null,
        1,
        22,
        null,
        null,
        1,
        1,
        null,
        null,
        1,
        1,
        1,
        2,
        null,
        null,
        null
      ],
      "/Users/shahnisarg/Desktop/charity-chain/spec/models/user_spec.rb": [
        1,
        null,
        1,
        1,
        1,
        1,
        1,
        1,
        null,
        null,
        null
      ]
    },
    "timestamp": 1343173067
  }
}
